Added Component: Designator=C?(C1206)
Added Component: Designator=C?(C1206)
Added Component: Designator=C?(C1206)
Added Component: Designator=C?(C1206)
Added Component: Designator=P?(HDR1X3)
Added Component: Designator=P?(HDR1X3)
Added Component: Designator=R?(14-1210)
Added Component: Designator=R?(14-1210)
Added Component: Designator=R?(14-1210)
Added Pin To Net: NetName=GND Pin=C?-1
Added Pin To Net: NetName=GND Pin=C?-1
Added Pin To Net: NetName=GND Pin=C?-2
Added Pin To Net: NetName=GND Pin=C?-2
Added Pin To Net: NetName=GND Pin=P?-3
Added Pin To Net: NetName=GND Pin=P?-3
Added Pin To Net: NetName=GND Pin=R?-1
Added Net: Name=GND
Added Pin To Net: NetName=NetP?_2 Pin=P?-2
Added Pin To Net: NetName=NetP?_2 Pin=R?-1
Added Pin To Net: NetName=NetP?_2 Pin=R?-2
Added Pin To Net: NetName=NetP?_2 Pin=R?-2
Added Net: Name=NetP?_2
Added Pin To Net: NetName=PC2 Pin=C?-2
Added Pin To Net: NetName=PC2 Pin=C?-2
Added Pin To Net: NetName=PC2 Pin=R?-1
Added Net: Name=PC2
Added Pin To Net: NetName=VDD5V Pin=C?-1
Added Pin To Net: NetName=VDD5V Pin=C?-1
Added Pin To Net: NetName=VDD5V Pin=P?-1
Added Pin To Net: NetName=VDD5V Pin=P?-1
Added Pin To Net: NetName=VDD5V Pin=R?-2
Added Net: Name=VDD5V
Added Pin To Net: NetName=VOUT Pin=P?-2
Added Net: Name=VOUT
Added Class: Name=TempPres
Added Room: Name=TempPres
