Change Component Designator: OldDesignator=Mega Digital NewDesignator=M4
Change Component Designator: OldDesignator=RS-X Power NewDesignator=RS1
Change Component Designator: OldDesignator=Status LEDs NewDesignator=S1
Added Component: Designator=R1(AXIAL-0.4)
Added Component: Designator=R2(AXIAL-0.4)
Added Component: Designator=R3(AXIAL-0.4)
Added Component: Designator=R4(AXIAL-0.4)
Added Component: Designator=R5(AXIAL-0.4)
Added Component: Designator=R6(AXIAL-0.4)
Added Net: Name=3V3
Added Pin To Net: NetName=5V Pin=M1-5
Added Pin To Net: NetName=5V Pin=M4-1
Added Pin To Net: NetName=5V Pin=M4-2
Added Net: Name=5V
Added Net: Name=12V
Added Pin To Net: NetName=AREF Pin=M6-3
Added Net: Name=AREF
Added Net: Name=CARD_IN
Added Pin To Net: NetName=CS Pin=M4-34
Added Net: Name=CS
Added Pin To Net: NetName=GND Pin=M1-6
Added Pin To Net: NetName=GND Pin=M1-7
Added Pin To Net: NetName=GND Pin=M3-1
Added Pin To Net: NetName=GND Pin=M3-2
Added Pin To Net: NetName=GND Pin=M4-35
Added Pin To Net: NetName=GND Pin=M4-36
Added Pin To Net: NetName=GND Pin=M6-4
Added Pin To Net: NetName=GND Pin=RS1-4
Added Pin To Net: NetName=GND Pin=RS1-5
Added Pin To Net: NetName=GND Pin=RS1-6
Added Pin To Net: NetName=GND Pin=RS1-7
Added Pin To Net: NetName=GND Pin=S1-7
Added Net: Name=GND
Added Net: Name=MISO
Added Net: Name=MOSI
Added Pin To Net: NetName=NetA1_5 Pin=M2-3
Added Net: Name=NetA1_5
Added Pin To Net: NetName=NetA1_6 Pin=M2-2
Added Net: Name=NetA1_6
Added Pin To Net: NetName=NetA1_7 Pin=M2-1
Added Net: Name=NetA1_7
Added Net: Name=NetB1_1
Added Net: Name=NetB1_2
Added Net: Name=NetB2_1
Added Net: Name=NetB2_2
Added Net: Name=NetB3_1
Added Net: Name=NetB3_2
Added Pin To Net: NetName=NetC1_2 Pin=M3-5
Added Net: Name=NetC1_2
Added Net: Name=NetH1_2
Added Net: Name=NetLED1_1
Added Net: Name=NetLED2_1
Added Net: Name=NetLS1_7
Added Net: Name=NetLS1_8
Added Net: Name=NetLS1_9
Added Pin To Net: NetName=NetM2_4 Pin=M2-4
Added Net: Name=NetM2_4
Added Pin To Net: NetName=NetM2_5 Pin=M2-5
Added Net: Name=NetM2_5
Added Pin To Net: NetName=NetM3_3 Pin=M3-3
Added Net: Name=NetM3_3
Added Pin To Net: NetName=NetM3_4 Pin=M3-4
Added Net: Name=NetM3_4
Added Pin To Net: NetName=NetM4_6 Pin=M4-6
Added Pin To Net: NetName=NetM4_6 Pin=R1-1
Added Net: Name=NetM4_6
Added Pin To Net: NetName=NetM4_8 Pin=M4-8
Added Pin To Net: NetName=NetM4_8 Pin=R2-1
Added Net: Name=NetM4_8
Added Pin To Net: NetName=NetM4_10 Pin=M4-10
Added Pin To Net: NetName=NetM4_10 Pin=R3-1
Added Net: Name=NetM4_10
Added Pin To Net: NetName=NetM4_12 Pin=M4-12
Added Pin To Net: NetName=NetM4_12 Pin=R4-1
Added Net: Name=NetM4_12
Added Pin To Net: NetName=NetM4_14 Pin=M4-14
Added Pin To Net: NetName=NetM4_14 Pin=R5-1
Added Net: Name=NetM4_14
Added Pin To Net: NetName=NetM4_16 Pin=M4-16
Added Pin To Net: NetName=NetM4_16 Pin=R6-1
Added Net: Name=NetM4_16
Added Pin To Net: NetName=NetP6_1 Pin=RS1-1
Added Net: Name=NetP6_1
Added Pin To Net: NetName=NetP9_1 Pin=RS1-2
Added Net: Name=NetP9_1
Added Pin To Net: NetName=NetP10_1 Pin=RS1-3
Added Net: Name=NetP10_1
Added Pin To Net: NetName=NetR1_2 Pin=R1-2
Added Pin To Net: NetName=NetR1_2 Pin=S1-1
Added Net: Name=NetR1_2
Added Pin To Net: NetName=NetR2_2 Pin=R2-2
Added Pin To Net: NetName=NetR2_2 Pin=S1-2
Added Net: Name=NetR2_2
Added Pin To Net: NetName=NetR3_2 Pin=R3-2
Added Pin To Net: NetName=NetR3_2 Pin=S1-3
Added Net: Name=NetR3_2
Added Pin To Net: NetName=NetR4_2 Pin=R4-2
Added Pin To Net: NetName=NetR4_2 Pin=S1-4
Added Net: Name=NetR4_2
Added Pin To Net: NetName=NetR5_2 Pin=R5-2
Added Pin To Net: NetName=NetR5_2 Pin=S1-5
Added Net: Name=NetR5_2
Added Pin To Net: NetName=NetR6_2 Pin=R6-2
Added Pin To Net: NetName=NetR6_2 Pin=S1-6
Added Net: Name=NetR6_2
Added Pin To Net: NetName=PTC-TX1 Pin=M5-1
Added Net: Name=PTC-TX1
Added Pin To Net: NetName=PTC-TX2 Pin=M5-3
Added Net: Name=PTC-TX2
Added Net: Name=RS-GND
Added Net: Name=SCK
Added Pin To Net: NetName=TE2_INT Pin=M5-5
Added Net: Name=TE2_INT
Added Pin To Net: NetName=TE3_INT Pin=M5-6
Added Net: Name=TE3_INT
